f:\学习\datastructdemo\datastructdemo\x64\debug\datastructdemo.pch
f:\学习\datastructdemo\datastructdemo\x64\debug\vc141.pdb
f:\学习\datastructdemo\datastructdemo\x64\debug\vc141.idb
f:\学习\datastructdemo\datastructdemo\x64\debug\stdafx.obj
f:\学习\datastructdemo\datastructdemo\x64\debug\sequence_list_manager.obj
f:\学习\datastructdemo\datastructdemo\x64\debug\sequence_list.obj
f:\学习\datastructdemo\datastructdemo\x64\debug\single_list.obj
f:\学习\datastructdemo\datastructdemo\x64\debug\slist_controller.obj
f:\学习\datastructdemo\datastructdemo\x64\debug\datastructdemo.obj
f:\学习\datastructdemo\x64\debug\datastructdemo.pdb
f:\学习\datastructdemo\datastructdemo\x64\debug\datastructdemo.tlog\cl.command.1.tlog
f:\学习\datastructdemo\datastructdemo\x64\debug\datastructdemo.tlog\cl.read.1.tlog
f:\学习\datastructdemo\datastructdemo\x64\debug\datastructdemo.tlog\cl.write.1.tlog
f:\学习\datastructdemo\datastructdemo\x64\debug\datastructdemo.tlog\link-cvtres.read.1.tlog
f:\学习\datastructdemo\datastructdemo\x64\debug\datastructdemo.tlog\link-cvtres.write.1.tlog
f:\学习\datastructdemo\datastructdemo\x64\debug\datastructdemo.tlog\link-rc.read.1.tlog
f:\学习\datastructdemo\datastructdemo\x64\debug\datastructdemo.tlog\link-rc.write.1.tlog
f:\学习\datastructdemo\datastructdemo\x64\debug\datastructdemo.tlog\link.7804-cvtres.read.1.tlog
f:\学习\datastructdemo\datastructdemo\x64\debug\datastructdemo.tlog\link.7804-cvtres.write.1.tlog
f:\学习\datastructdemo\datastructdemo\x64\debug\datastructdemo.tlog\link.7804-rc.read.1.tlog
f:\学习\datastructdemo\datastructdemo\x64\debug\datastructdemo.tlog\link.7804-rc.write.1.tlog
f:\学习\datastructdemo\datastructdemo\x64\debug\datastructdemo.tlog\link.7804.read.1.tlog
f:\学习\datastructdemo\datastructdemo\x64\debug\datastructdemo.tlog\link.7804.write.1.tlog
f:\学习\datastructdemo\datastructdemo\x64\debug\datastructdemo.tlog\link.command.1.tlog
f:\学习\datastructdemo\datastructdemo\x64\debug\datastructdemo.tlog\link.read.1.tlog
f:\学习\datastructdemo\datastructdemo\x64\debug\datastructdemo.tlog\link.write.1.tlog
